# Лог операций взаимодействия с нейросетью
# PromoService V0002

**Дата начала сессии**: 2025-12-29 22:25:07 UTC
**Файл логирования**: logs/operations_2025-12-29_22-25-07.log

---

## История операций

### [2025-12-29 22:25:07] Инициирование работы над проектом

**Промт пользователя:**
```
доработай проект в директории: K:\PROJECTs-FACTORY\serviseCentr\promoserviceV0002
```

**Ответ системы:**
```
Получена запрос на доработку проекта. Проведена диагностика текущей структуры проекта:
- Обнаружена версия V0002 (хотя README указывал V0001)
- Структура: frontend (PyQt6), backend (Flask), database (SQLite)
- Текущие файлы запуска: run_backend.py, run_frontend.py (раздельный запуск)
```

### [2025-12-29 22:27:09] Запрос на единый запуск приложения

**Промт пользователя:**
```
сделай запуск одним отдельным файлом
```

**Ответ системы:**
```
Выполнены следующие работы:

1. ✨ Создан файл run.py (единый скрипт запуска)
   - Запускает Backend API сервер в отдельном потоке (daemon thread)
   - Запускает Frontend приложение в главном потоке PyQt6
   - Правильная инициализация БД и всех сервисов
   - Координация между backend и frontend через 2-секундную задержку

2. 📝 Создан файл FILES_LOG.md (логирование структуры проекта)
   - Полное описание структуры проекта
   - Описание всех папок и файлов
   - История изменений и примечания

3. 🔄 Обновлен файл README.md
   - Обновлена версия на V0002
   - Указан основной способ запуска: python run.py
   - Добавлена информация о новом файле
   - Обновлены инструкции по установке и использованию

4. 📊 Создан файл логирования операций
   - logs/operations_2025-12-29_22-25-07.log
   - Отслеживание всех взаимодействий с нейросетью
```

---

## Технические детали реализации

### Файл run.py
- **Функция run_backend()**: Запускает Flask приложение в потоке (daemon=True)
- **Функция run_frontend()**: Запускает PyQt6 приложение с авторизацией
- **Временная синхронизация**: sleep(2) перед запуском frontend для инициализации backend
- **Обработка ошибок**: Try-except блоки для graceful handling

### Преимущества единого запуска
1. Удобство: одна команда вместо двух
2. Синхронизация: автоматическая координация backend и frontend
3. UX: пользователь видит оба процесса в одном окне терминала
4. Управление: Ctrl+C завершает оба процесса

---

## Статус проекта

**Версия**: 0.0.2  
**Статус**: В разработке  
**Последнее обновление**: 2025-12-29  

**Реализовано в V0002**:
- ✨ Единый скрипт запуска (run.py)
- 📝 Логирование структуры проекта
- 🔧 Обновлена документация

**Следующие задачи**:
- Завершение остальных 9 модулей (из 10)
- API endpoints для всех модулей
- Интеграция Telegram, SMS, Email сервисов
- Frontend UI для всех модулей

---

## Примечания разработчика

1. Файл run.py использует многопоточность (threading)
2. Backend запускается как daemon thread, поэтому завершится с главным процессом
3. Frontend работает в главном потоке PyQt6
4. Все логи приложения сохраняются в logs/ директории
5. БД создается в instance/promoservice_db.sqlite3

### [2025-12-29 22:32:26] Отключение PyQt6 - Ошибка DLL

**Проблема:**
```
Oshибка: DLL load failed while importing QtCore: Не найдена указанная процедура.
```

**Причина:** PyQt6 установлен неполно или не в полном объеме

**Выполненные работы:**

1. Сохранил requirements.txt с полным списком зависимостей
   - PyQt6==6.6.0
   - PyQt6-sip>=13.0.0
   - PyQt6-Qt6>=6.6.0
   - setuptools>=65.0.0
   - wheels>=0.42.0

2. ✨ Создан скрипт install_dependencies.ps1
   - Автоматическая обновление pip, setuptools, wheel
   - Попытка установки всех зависимостей
   - Проверка Flask, SQLAlchemy, PyQt6
   - Переустановка PyQt6 если нужно

3. 🔐 Создан скрипт run_safe.py
   - Автоматическая проверка всех зависимостей
   - Установка недостающих модулей автоматически
   - Опция запуска только Backend, если PyQt6 не установлен

4. 📖 Создан INSTALL_GUIDE.md
   - Подробное руководство по установке
   - Описание всех ошибок и решение
   - Частые вопросы

**Готовые решения:**
1. Запустить install_dependencies.ps1
2. Либо прямо запустить run_safe.py
3. Либо ручно: pip install --no-cache-dir --force-reinstall PyQt6==6.6.0
